<?xml version="1.0" encoding="UTF-8"?>
<!-- Generated by org.testng.reporters.JUnitXMLReporter -->
<testsuite hostname="DESKTOP-CN3CBMR" ignored="1" name="Regression1" tests="6" failures="1" timestamp="30 Aug 2021 16:07:25 GMT" time="38.512" errors="0">
  <testcase name="fbtitle" time="11.147" classname="testngpack.Assertexampl">
    <failure type="java.lang.AssertionError" message="The following asserts failed:
	expected [Facebook – log in] but found [Facebook – log in or sign up]">
      <![CDATA[java.lang.AssertionError: The following asserts failed:
expected [Facebook – log in] but found [Facebook – log in or sign up]
at testngpack.Assertexampl.fbtitle(Assertexampl.java:28)
... Removed 26 stack frames]]>
    </failure>
  </testcase> <!-- fbtitle -->
  <testcase name="nexttest" time="0.003" classname="testngpack.Assertexampl"/>
  <testcase name="login" time="0.002" classname="testngpack.Testngexampl1"/>
  <testcase name="amzon" time="2.79" classname="testngpack.Testngexampl2"/>
  <testcase name="fb" time="4.953" classname="testngpack.Testngexampl2"/>
  <testcase name="compemail" time="0.001" classname="testngpack.Testngexampl1"/>
  <testcase name="delemail" time="0.0" classname="testngpack.Testngexampl1">
    <ignored/>
  </testcase> <!-- delemail -->
</testsuite> <!-- Regression1 -->
